#
# There is insufficient memory for the Java Runtime Environment to continue.
# Native memory allocation (mmap) failed to map 268435456 bytes for Failed to commit area from 0x0000000701200000 to 0x0000000711200000 of length 268435456.
# Possible reasons:
#   The system is out of physical RAM or swap space
#   The process is running with CompressedOops enabled, and the Java Heap may be blocking the growth of the native heap
# Possible solutions:
#   Reduce memory load on the system
#   Increase physical memory or swap space
#   Check if swap backing store is full
#   Decrease Java heap size (-Xmx/-Xms)
#   Decrease number of Java threads
#   Decrease Java thread stack sizes (-Xss)
#   Set larger code cache with -XX:ReservedCodeCacheSize=
# This output file may be truncated or incomplete.
#
#  Out of Memory Error (./src/hotspot/os/windows/os_windows.cpp:3521), pid=15560, tid=22268
#
# JRE version:  (11.0.12+7) (build )
# Java VM: OpenJDK 64-Bit Server VM (11.0.12+7-b1504.28, mixed mode, sharing, tiered, compressed oops, g1 gc, windows-amd64)
# No core dump will be written. Minidumps are not enabled by default on client versions of Windows
#

---------------  S U M M A R Y ------------

Command Line: git4idea.http.GitAskPassApp Username for 'https://github.com': 

Host: AMD Ryzen 5 3600 6-Core Processor              , 12 cores, 15G,  Windows 10 , 64 bit Build 19041 (10.0.19041.1706)
Time: Tue Jun  7 21:26:28 2022 RTZ 2 (зима) elapsed time: 1.004923 seconds (0d 0h 0m 1s)

---------------  T H R E A D  ---------------

Current thread (0x000001760501b000):  JavaThread "Unknown thread" [_thread_in_vm, id=22268, stack(0x0000002565500000,0x0000002565600000)]

Stack: [0x0000002565500000,0x0000002565600000]
Native frames: (J=compiled Java code, j=interpreted, Vv=VM code, C=native code)
V  [jvm.dll+0x5ff40a]
V  [jvm.dll+0x783b65]
V  [jvm.dll+0x78517d]
V  [jvm.dll+0x785833]
V  [jvm.dll+0x249408]
V  [jvm.dll+0x5fc7f4]
V  [jvm.dll+0x5f13c5]
V  [jvm.dll+0x3076bb]
V  [jvm.dll+0x30762a]
V  [jvm.dll+0x307502]
V  [jvm.dll+0x30c466]
V  [jvm.dll+0x355543]
V  [jvm.dll+0x355c46]
V  [jvm.dll+0x355643]
V  [jvm.dll+0x2e2018]
V  [jvm.dll+0x2e31c7]
V  [jvm.dll+0x761f57]
V  [jvm.dll+0x76374c]
V  [jvm.dll+0x362ab9]
V  [jvm.dll+0x7455be]
V  [jvm.dll+0x3cb673]
V  [jvm.dll+0x3cda21]
C  [jli.dll+0x536b]
C  [ucrtbase.dll+0x21bb2]
C  [KERNEL32.DLL+0x17034]
C  [ntdll.dll+0x52651]


---------------  P R O C E S S  ---------------

Threads class SMR info:
_java_thread_list=0x0000017602dcf860, length=0, elements={
}

Java Threads: ( => current thread )

Other Threads:
  0x0000017605034800 GCTaskThread "GC Thread#0" [stack: 0x0000002565600000,0x0000002565700000] [id=20768]
  0x0000017605092000 ConcurrentGCThread "G1 Main Marker" [stack: 0x0000002565700000,0x0000002565800000] [id=11408]
  0x0000017605094800 ConcurrentGCThread "G1 Conc#0" [stack: 0x0000002565800000,0x0000002565900000] [id=22520]

[error occurred during error reporting (printing all threads), id 0xc0000005, EXCEPTION_ACCESS_VIOLATION (0xc0000005) at pc=0x00007ff8f41827a7]

VM state:not at safepoint (not fully initialized)

VM Mutex/Monitor currently owned by a thread:  ([mutex/lock_event])
[0x0000017605017c30] Heap_lock - owner thread: 0x000001760501b000

Heap address: 0x0000000701200000, size: 4078 MB, Compressed Oops mode: Non-zero based: 0x0000000701200000
Narrow klass base: 0x0000000000000000, Narrow klass shift: 0

GC Heap History (0 events):
No events

Deoptimization events (0 events):
No events

Classes redefined (0 events):
No events

Internal exceptions (0 events):
No events

Events (1 events):
Event: 0.004 Loaded shared library E:\Program Files\PhpStorm 2021.2.2\jbr\bin\zip.dll


Dynamic libraries:
0x00007ff6f74e0000 - 0x00007ff6f74ea000 	E:\Program Files\PhpStorm 2021.2.2\jbr\bin\java.exe
0x00007ff949ff0000 - 0x00007ff94a1e5000 	C:\Windows\SYSTEM32\ntdll.dll
0x00007ff949430000 - 0x00007ff9494ed000 	C:\Windows\System32\KERNEL32.DLL
0x00007ff9479e0000 - 0x00007ff947cad000 	C:\Windows\System32\KERNELBASE.dll
0x00007ff947dc0000 - 0x00007ff947ec0000 	C:\Windows\System32\ucrtbase.dll
0x00007ff935e20000 - 0x00007ff935e39000 	E:\Program Files\PhpStorm 2021.2.2\jbr\bin\jli.dll
0x00007ff92df10000 - 0x00007ff92df27000 	E:\Program Files\PhpStorm 2021.2.2\jbr\bin\VCRUNTIME140.dll
0x00007ff948290000 - 0x00007ff948430000 	C:\Windows\System32\USER32.dll
0x00007ff92e800000 - 0x00007ff92ea9a000 	C:\Windows\WinSxS\amd64_microsoft.windows.common-controls_6595b64144ccf1df_6.0.19041.1110_none_60b5254171f9507e\COMCTL32.dll
0x00007ff947900000 - 0x00007ff947922000 	C:\Windows\System32\win32u.dll
0x00007ff949a00000 - 0x00007ff949a9e000 	C:\Windows\System32\msvcrt.dll
0x00007ff948260000 - 0x00007ff94828a000 	C:\Windows\System32\GDI32.dll
0x00007ff947f30000 - 0x00007ff94803b000 	C:\Windows\System32\gdi32full.dll
0x00007ff947700000 - 0x00007ff94779d000 	C:\Windows\System32\msvcp_win.dll
0x00007ff949200000 - 0x00007ff949230000 	C:\Windows\System32\IMM32.DLL
0x00007ff920fb0000 - 0x00007ff92104d000 	E:\Program Files\PhpStorm 2021.2.2\jbr\bin\msvcp140.dll
0x00007ff8f3e90000 - 0x00007ff8f49e8000 	E:\Program Files\PhpStorm 2021.2.2\jbr\bin\server\jvm.dll
0x00007ff9495c0000 - 0x00007ff94966e000 	C:\Windows\System32\ADVAPI32.dll
0x00007ff948f40000 - 0x00007ff948fdc000 	C:\Windows\System32\sechost.dll
0x00007ff9480c0000 - 0x00007ff9481e5000 	C:\Windows\System32\RPCRT4.dll
0x00007ff9481f0000 - 0x00007ff9481f8000 	C:\Windows\System32\PSAPI.DLL
0x00007ff9333b0000 - 0x00007ff9333b9000 	C:\Windows\SYSTEM32\WSOCK32.dll
0x00007ff93fbe0000 - 0x00007ff93fc07000 	C:\Windows\SYSTEM32\WINMM.dll
0x00007ff949190000 - 0x00007ff9491fb000 	C:\Windows\System32\WS2_32.dll
0x00007ff941fc0000 - 0x00007ff941fca000 	C:\Windows\SYSTEM32\VERSION.dll
0x00007ff945620000 - 0x00007ff945632000 	C:\Windows\SYSTEM32\kernel.appcore.dll
0x00007ff92a670000 - 0x00007ff92a681000 	E:\Program Files\PhpStorm 2021.2.2\jbr\bin\verify.dll
0x00007ff93bd10000 - 0x00007ff93bef4000 	C:\Windows\SYSTEM32\DBGHELP.DLL
0x00007ff93d310000 - 0x00007ff93d33c000 	C:\Windows\SYSTEM32\dbgcore.DLL
0x00007ff947d30000 - 0x00007ff947db2000 	C:\Windows\System32\bcryptPrimitives.dll
0x00007ff9240c0000 - 0x00007ff9240e9000 	E:\Program Files\PhpStorm 2021.2.2\jbr\bin\java.dll
0x00007ff92de20000 - 0x00007ff92de2b000 	E:\Program Files\PhpStorm 2021.2.2\jbr\bin\jimage.dll
0x00007ff92a470000 - 0x00007ff92a488000 	E:\Program Files\PhpStorm 2021.2.2\jbr\bin\zip.dll

dbghelp: loaded successfully - version: 4.0.5 - missing functions: none
symbol engine: initialized successfully - sym options: 0x614 - pdb path: .;E:\Program Files\PhpStorm 2021.2.2\jbr\bin;C:\Windows\SYSTEM32;C:\Windows\WinSxS\amd64_microsoft.windows.common-controls_6595b64144ccf1df_6.0.19041.1110_none_60b5254171f9507e;E:\Program Files\PhpStorm 2021.2.2\jbr\bin\server

VM Arguments:
java_command: git4idea.http.GitAskPassApp Username for 'https://github.com': 
java_class_path (initial): E:/Program Files/PhpStorm 2021.2.2/plugins/git4idea/lib/git4idea-rt.jar;E:/Program Files/PhpStorm 2021.2.2/lib/3rd-party.jar
Launcher Type: SUN_STANDARD

[Global flags]
     intx CICompilerCount                          = 4                                         {product} {ergonomic}
     uint ConcGCThreads                            = 3                                         {product} {ergonomic}
     uint G1ConcRefinementThreads                  = 10                                        {product} {ergonomic}
   size_t G1HeapRegionSize                         = 1048576                                   {product} {ergonomic}
    uintx GCDrainStackTargetSize                   = 64                                        {product} {ergonomic}
   size_t InitialHeapSize                          = 268435456                                 {product} {ergonomic}
   size_t MarkStackSize                            = 4194304                                   {product} {ergonomic}
   size_t MaxHeapSize                              = 4276092928                                {product} {ergonomic}
   size_t MinHeapDeltaBytes                        = 1048576                                   {product} {ergonomic}
    uintx NonNMethodCodeHeapSize                   = 5836300                                {pd product} {ergonomic}
    uintx NonProfiledCodeHeapSize                  = 122910970                              {pd product} {ergonomic}
    uintx ProfiledCodeHeapSize                     = 122910970                              {pd product} {ergonomic}
    uintx ReservedCodeCacheSize                    = 251658240                              {pd product} {ergonomic}
     bool SegmentedCodeCache                       = true                                      {product} {ergonomic}
     bool UseCompressedClassPointers               = true                                 {lp64_product} {ergonomic}
     bool UseCompressedOops                        = true                                 {lp64_product} {ergonomic}
     bool UseG1GC                                  = true                                      {product} {ergonomic}
     bool UseLargePagesIndividualAllocation        = false                                  {pd product} {ergonomic}

Logging:
Log output configuration:
 #0: stdout all=warning uptime,level,tags
 #1: stderr all=off uptime,level,tags

Environment Variables:
PATH=C:/Program Files/Git/mingw64/libexec/git-core;C:/Program Files/Git/mingw64/libexec/git-core;C:\Program Files\Git\mingw64\bin;C:\Program Files\Git\usr\bin;C:\Users\tesno\bin;%SystemRoot%\system32\WBEM;C:\Windows\system32\WBEM;C:\Windows\system32\WBEM;C:\Windows\system32\WBEM;C:\Windows\system32\WBEM;C:\Program Files (x86)\Common Files\Intel\Shared Libraries\redist\intel64\compiler;C:\Windows\system32;C:\Windows;C:\Windows\System32\Wbem;C:\Windows\System32\WindowsPowerShell\v1.0\;C:\Windows\System32\OpenSSH\;C:\Program Files\NVIDIA Corporation\NVIDIA NvDLISR;C:\Program Files (x86)\NVIDIA Corporation\PhysX\Common;C:\Program Files\Git\cmd;C:\Program Files (x86)\Common Files\Acronis\SnapAPI\;C:\Program Files\nodejs\;C:\Users\tesno\AppData\Local\Microsoft\WindowsApps;C:\Users\tesno\AppData\Local\GitHubDesktop\bin;C:\Users\tesno\AppData\Local\Programs\Microsoft VS Code\bin;C:\Users\tesno\AppData\Roaming\npm;C:\Users\tesno\AppData\Local\Microsoft\WindowsApps;C:\Users\tesno\AppData\Local\GitHubDesktop\bin;C:\Users\tesno\AppData\Local\Programs\Microsoft VS Code\bin;C:\Users\tesno\AppData\Roaming\npm
USERNAME=tesno
DISPLAY=:0.0
LC_ALL=en_US.UTF-8
OS=Windows_NT
PROCESSOR_IDENTIFIER=AMD64 Family 23 Model 113 Stepping 0, AuthenticAMD



---------------  S Y S T E M  ---------------

OS: Windows 10 , 64 bit Build 19041 (10.0.19041.1706)
OS uptime: 2 days 9:39 hours

CPU:total 12 (initial active 12) (12 cores per cpu, 2 threads per core) family 23 model 113 stepping 0 microcode 0x0, cmov, cx8, fxsr, mmx, sse, sse2, sse3, ssse3, sse4.1, sse4.2, popcnt, avx, avx2, aes, clmul, mmxext, 3dnowpref, lzcnt, sse4a, ht, tsc, tscinvbit, tscinv, bmi1, bmi2, adx, sha, fma

Memory: 4k page, system-wide physical 16309M (3549M free)
TotalPageFile size 16309M (AvailPageFile size 159M)
current process WorkingSet (physical memory assigned to process): 10M, peak: 10M
current process commit charge ("private bytes"): 64M, peak: 320M

vm_info: OpenJDK 64-Bit Server VM (11.0.12+7-b1504.28) for windows-amd64 JRE (11.0.12+7-b1504.28), built on Sep  3 2021 08:39:15 by "" with MS VC++ 14.0 (VS2015)

END.
